mode: set
final_project/business/admins/usecase.go:17.98,23.2 1 1
final_project/business/admins/usecase.go:25.96,26.23 1 1
final_project/business/admins/usecase.go:29.2,29.39 1 1
final_project/business/admins/usecase.go:32.2,32.45 1 1
final_project/business/admins/usecase.go:35.2,36.16 2 1
final_project/business/admins/usecase.go:39.2,39.19 1 1
final_project/business/admins/usecase.go:26.23,28.3 1 1
final_project/business/admins/usecase.go:29.39,31.3 1 1
final_project/business/admins/usecase.go:32.45,34.3 1 1
final_project/business/admins/usecase.go:36.16,38.3 1 0
final_project/business/admins/usecase.go:42.97,43.17 1 1
final_project/business/admins/usecase.go:47.2,47.20 1 1
final_project/business/admins/usecase.go:51.2,54.17 4 1
final_project/business/admins/usecase.go:57.2,57.16 1 1
final_project/business/admins/usecase.go:60.2,60.19 1 1
final_project/business/admins/usecase.go:43.17,45.3 1 1
final_project/business/admins/usecase.go:47.20,49.3 1 1
final_project/business/admins/usecase.go:54.17,56.3 1 0
final_project/business/admins/usecase.go:57.16,59.3 1 0
final_project/business/users/usecase.go:18.97,24.2 1 1
final_project/business/users/usecase.go:25.85,28.23 3 1
final_project/business/users/usecase.go:32.2,32.39 1 1
final_project/business/users/usecase.go:36.2,36.45 1 1
final_project/business/users/usecase.go:39.2,39.30 1 1
final_project/business/users/usecase.go:45.2,45.39 1 1
final_project/business/users/usecase.go:56.2,56.25 1 1
final_project/business/users/usecase.go:59.2,59.26 1 1
final_project/business/users/usecase.go:62.2,64.16 2 1
final_project/business/users/usecase.go:67.2,67.18 1 1
final_project/business/users/usecase.go:28.23,30.3 1 1
final_project/business/users/usecase.go:32.39,34.3 1 1
final_project/business/users/usecase.go:36.45,38.3 1 1
final_project/business/users/usecase.go:39.30,41.3 1 1
final_project/business/users/usecase.go:45.39,46.37 1 1
final_project/business/users/usecase.go:49.3,49.29 1 1
final_project/business/users/usecase.go:46.37,47.9 1 1
final_project/business/users/usecase.go:49.29,50.38 1 1
final_project/business/users/usecase.go:50.38,52.5 1 1
final_project/business/users/usecase.go:56.25,58.3 1 1
final_project/business/users/usecase.go:59.26,61.3 1 1
final_project/business/users/usecase.go:64.16,66.3 1 0
final_project/business/users/usecase.go:69.91,70.17 1 1
final_project/business/users/usecase.go:74.2,74.20 1 1
final_project/business/users/usecase.go:78.2,81.17 4 1
final_project/business/users/usecase.go:84.2,84.16 1 1
final_project/business/users/usecase.go:87.2,87.18 1 1
final_project/business/users/usecase.go:70.17,72.3 1 1
final_project/business/users/usecase.go:74.20,76.3 1 1
final_project/business/users/usecase.go:81.17,83.3 1 0
final_project/business/users/usecase.go:84.16,86.3 1 0
final_project/business/users/usecase.go:90.77,92.16 2 1
final_project/business/users/usecase.go:95.2,95.18 1 1
final_project/business/users/usecase.go:92.16,94.3 1 0
final_project/business/users/usecase.go:98.123,99.44 1 1
final_project/business/users/usecase.go:102.2,103.16 2 1
final_project/business/users/usecase.go:106.2,106.20 1 1
final_project/business/users/usecase.go:99.44,101.3 1 1
final_project/business/users/usecase.go:103.16,105.3 1 0
final_project/business/products/usecase.go:14.72,19.2 1 1
final_project/business/products/usecase.go:21.77,23.16 2 1
final_project/business/products/usecase.go:26.2,26.21 1 1
final_project/business/products/usecase.go:23.16,25.3 1 0
final_project/business/products/usecase.go:28.87,29.13 1 1
final_project/business/products/usecase.go:32.2,33.16 2 1
final_project/business/products/usecase.go:36.2,36.21 1 1
final_project/business/products/usecase.go:29.13,31.3 1 1
final_project/business/products/usecase.go:33.16,35.3 1 0
final_project/business/products/usecase.go:38.94,40.17 2 1
final_project/business/products/usecase.go:43.2,43.16 1 1
final_project/business/products/usecase.go:46.2,46.21 1 1
final_project/business/products/usecase.go:40.17,42.3 1 1
final_project/business/products/usecase.go:43.16,45.3 1 0
final_project/business/products/usecase.go:49.98,50.17 1 1
final_project/business/products/usecase.go:53.2,54.16 2 1
final_project/business/products/usecase.go:57.2,57.21 1 1
final_project/business/products/usecase.go:50.17,52.3 1 1
final_project/business/products/usecase.go:54.16,56.3 1 0
final_project/business/products/usecase.go:59.114,60.30 1 1
final_project/business/products/usecase.go:63.2,63.30 1 1
final_project/business/products/usecase.go:66.2,66.30 1 1
final_project/business/products/usecase.go:69.2,69.29 1 1
final_project/business/products/usecase.go:72.2,72.37 1 1
final_project/business/products/usecase.go:75.2,75.39 1 1
final_project/business/products/usecase.go:78.2,79.16 2 1
final_project/business/products/usecase.go:82.2,82.21 1 1
final_project/business/products/usecase.go:60.30,62.3 1 1
final_project/business/products/usecase.go:63.30,65.3 1 1
final_project/business/products/usecase.go:66.30,68.3 1 1
final_project/business/products/usecase.go:69.29,71.3 1 0
final_project/business/products/usecase.go:72.37,74.3 1 1
final_project/business/products/usecase.go:75.39,77.3 1 1
final_project/business/products/usecase.go:79.16,81.3 1 0
final_project/business/products/usecase.go:84.115,85.22 1 1
final_project/business/products/usecase.go:88.2,89.16 2 1
final_project/business/products/usecase.go:92.2,92.27 1 1
final_project/business/products/usecase.go:85.22,87.3 1 1
final_project/business/products/usecase.go:89.16,91.3 1 0
final_project/business/products/usecase.go:95.114,96.23 1 1
final_project/business/products/usecase.go:99.2,100.16 2 1
final_project/business/products/usecase.go:103.2,103.25 1 1
final_project/business/products/usecase.go:96.23,98.3 1 1
final_project/business/products/usecase.go:100.16,102.3 1 0
final_project/business/products/usecase.go:106.102,109.31 3 1
final_project/business/products/usecase.go:115.2,115.37 1 1
final_project/business/products/usecase.go:126.2,126.37 1 1
final_project/business/products/usecase.go:136.2,136.26 1 1
final_project/business/products/usecase.go:139.2,140.16 2 1
final_project/business/products/usecase.go:143.2,143.18 1 1
final_project/business/products/usecase.go:109.31,111.3 1 0
final_project/business/products/usecase.go:115.37,116.37 1 1
final_project/business/products/usecase.go:119.3,119.27 1 1
final_project/business/products/usecase.go:116.37,117.9 1 1
final_project/business/products/usecase.go:119.27,120.38 1 1
final_project/business/products/usecase.go:120.38,122.5 1 1
final_project/business/products/usecase.go:126.37,127.37 1 1
final_project/business/products/usecase.go:130.3,130.27 1 1
final_project/business/products/usecase.go:127.37,128.9 1 1
final_project/business/products/usecase.go:130.27,131.38 1 0
final_project/business/products/usecase.go:131.38,133.5 1 0
final_project/business/products/usecase.go:136.26,138.3 1 0
final_project/business/products/usecase.go:140.16,142.3 1 0
final_project/business/products/usecase.go:145.110,148.37 3 1
final_project/business/products/usecase.go:159.2,159.37 1 1
final_project/business/products/usecase.go:169.2,170.16 2 1
final_project/business/products/usecase.go:173.2,173.24 1 1
final_project/business/products/usecase.go:148.37,149.37 1 1
final_project/business/products/usecase.go:152.3,152.27 1 1
final_project/business/products/usecase.go:149.37,150.9 1 1
final_project/business/products/usecase.go:152.27,153.38 1 1
final_project/business/products/usecase.go:153.38,155.5 1 1
final_project/business/products/usecase.go:159.37,160.37 1 1
final_project/business/products/usecase.go:163.3,163.27 1 1
final_project/business/products/usecase.go:160.37,161.9 1 1
final_project/business/products/usecase.go:163.27,164.38 1 0
final_project/business/products/usecase.go:164.38,166.5 1 0
final_project/business/products/usecase.go:170.16,172.3 1 0
final_project/business/products/usecase.go:175.95,176.15 1 1
final_project/business/products/usecase.go:179.2,180.16 2 1
final_project/business/products/usecase.go:183.2,183.25 1 1
final_project/business/products/usecase.go:176.15,178.3 1 1
final_project/business/products/usecase.go:180.16,182.3 1 0
final_project/business/products/usecase.go:186.135,187.30 1 1
final_project/business/products/usecase.go:190.2,191.16 2 1
final_project/business/products/usecase.go:194.2,194.31 1 1
final_project/business/products/usecase.go:187.30,189.3 1 1
final_project/business/products/usecase.go:191.16,193.3 1 0
final_project/business/products/usecase.go:197.143,199.16 2 1
final_project/business/products/usecase.go:203.2,203.31 1 1
final_project/business/products/usecase.go:199.16,201.3 1 0
final_project/business/transactions/usecase.go:16.104,22.2 1 1
final_project/business/transactions/usecase.go:23.113,24.27 1 1
final_project/business/transactions/usecase.go:27.2,27.24 1 1
final_project/business/transactions/usecase.go:30.2,30.26 1 1
final_project/business/transactions/usecase.go:33.2,34.16 2 1
final_project/business/transactions/usecase.go:37.2,37.25 1 1
final_project/business/transactions/usecase.go:24.27,26.3 1 1
final_project/business/transactions/usecase.go:27.24,29.3 1 1
final_project/business/transactions/usecase.go:30.26,32.3 1 1
final_project/business/transactions/usecase.go:34.16,36.3 1 0
final_project/business/transactions/usecase.go:41.100,43.16 2 1
final_project/business/transactions/usecase.go:46.2,46.26 1 1
final_project/business/transactions/usecase.go:43.16,45.3 1 0
final_project/business/transactions/usecase.go:49.117,50.23 1 1
final_project/business/transactions/usecase.go:53.2,54.16 2 1
final_project/business/transactions/usecase.go:57.2,57.27 1 1
final_project/business/transactions/usecase.go:50.23,52.3 1 1
final_project/business/transactions/usecase.go:54.16,56.3 1 0
final_project/business/transactions/usecase.go:60.90,62.16 2 1
final_project/business/transactions/usecase.go:65.2,65.28 1 1
final_project/business/transactions/usecase.go:62.16,64.3 1 0
final_project/business/transactions/usecase.go:68.111,69.23 1 1
final_project/business/transactions/usecase.go:72.2,72.32 1 1
final_project/business/transactions/usecase.go:75.2,75.32 1 1
final_project/business/transactions/usecase.go:78.2,79.16 2 1
final_project/business/transactions/usecase.go:82.2,82.22 1 1
final_project/business/transactions/usecase.go:69.23,71.3 1 1
final_project/business/transactions/usecase.go:72.32,74.3 1 1
final_project/business/transactions/usecase.go:75.32,77.3 1 1
final_project/business/transactions/usecase.go:79.16,81.3 1 0
final_project/business/transactions/usecase.go:85.90,87.16 2 1
final_project/business/transactions/usecase.go:90.2,90.22 1 1
final_project/business/transactions/usecase.go:87.16,89.3 1 0
final_project/business/transactions/usecase.go:93.117,95.16 2 1
final_project/business/transactions/usecase.go:99.2,99.22 1 1
final_project/business/transactions/usecase.go:95.16,97.3 1 0
final_project/business/transactions/usecase.go:102.115,104.16 2 1
final_project/business/transactions/usecase.go:107.2,107.17 1 1
final_project/business/transactions/usecase.go:104.16,106.3 1 0
final_project/business/transactions/usecase.go:110.118,112.16 2 1
final_project/business/transactions/usecase.go:115.2,115.17 1 1
final_project/business/transactions/usecase.go:112.16,114.3 1 0
final_project/business/transactions/usecase.go:118.162,120.16 2 1
final_project/business/transactions/usecase.go:123.2,123.33 1 1
final_project/business/transactions/usecase.go:120.16,122.3 1 0
final_project/business/transactions/usecase.go:126.117,128.16 2 1
final_project/business/transactions/usecase.go:131.2,131.20 1 1
final_project/business/transactions/usecase.go:128.16,130.3 1 0
final_project/business/transactions/usecase.go:134.116,136.16 2 1
final_project/business/transactions/usecase.go:139.2,139.20 1 1
final_project/business/transactions/usecase.go:136.16,138.3 1 0
