mode: set
final_project/business/transactions/usecase.go:16.104,22.2 1 1
final_project/business/transactions/usecase.go:23.113,24.27 1 1
final_project/business/transactions/usecase.go:27.2,27.24 1 1
final_project/business/transactions/usecase.go:30.2,30.26 1 1
final_project/business/transactions/usecase.go:33.2,34.16 2 1
final_project/business/transactions/usecase.go:37.2,37.25 1 1
final_project/business/transactions/usecase.go:24.27,26.3 1 1
final_project/business/transactions/usecase.go:27.24,29.3 1 1
final_project/business/transactions/usecase.go:30.26,32.3 1 1
final_project/business/transactions/usecase.go:34.16,36.3 1 0
final_project/business/transactions/usecase.go:41.100,43.16 2 1
final_project/business/transactions/usecase.go:46.2,46.26 1 1
final_project/business/transactions/usecase.go:43.16,45.3 1 0
final_project/business/transactions/usecase.go:49.117,50.23 1 1
final_project/business/transactions/usecase.go:53.2,54.16 2 1
final_project/business/transactions/usecase.go:57.2,57.27 1 1
final_project/business/transactions/usecase.go:50.23,52.3 1 1
final_project/business/transactions/usecase.go:54.16,56.3 1 0
final_project/business/transactions/usecase.go:60.90,62.16 2 1
final_project/business/transactions/usecase.go:65.2,65.28 1 1
final_project/business/transactions/usecase.go:62.16,64.3 1 0
final_project/business/transactions/usecase.go:68.111,69.23 1 1
final_project/business/transactions/usecase.go:72.2,72.32 1 1
final_project/business/transactions/usecase.go:75.2,75.32 1 1
final_project/business/transactions/usecase.go:78.2,79.16 2 1
final_project/business/transactions/usecase.go:82.2,82.22 1 1
final_project/business/transactions/usecase.go:69.23,71.3 1 1
final_project/business/transactions/usecase.go:72.32,74.3 1 1
final_project/business/transactions/usecase.go:75.32,77.3 1 1
final_project/business/transactions/usecase.go:79.16,81.3 1 0
final_project/business/transactions/usecase.go:85.90,87.16 2 1
final_project/business/transactions/usecase.go:90.2,90.22 1 1
final_project/business/transactions/usecase.go:87.16,89.3 1 0
final_project/business/transactions/usecase.go:93.117,95.16 2 1
final_project/business/transactions/usecase.go:99.2,99.22 1 1
final_project/business/transactions/usecase.go:95.16,97.3 1 0
final_project/business/transactions/usecase.go:102.115,104.16 2 1
final_project/business/transactions/usecase.go:107.2,107.17 1 1
final_project/business/transactions/usecase.go:104.16,106.3 1 0
final_project/business/transactions/usecase.go:110.118,112.16 2 1
final_project/business/transactions/usecase.go:115.2,115.17 1 1
final_project/business/transactions/usecase.go:112.16,114.3 1 0
final_project/business/transactions/usecase.go:118.162,120.16 2 1
final_project/business/transactions/usecase.go:123.2,123.33 1 1
final_project/business/transactions/usecase.go:120.16,122.3 1 0
final_project/business/transactions/usecase.go:126.117,128.16 2 1
final_project/business/transactions/usecase.go:131.2,131.20 1 1
final_project/business/transactions/usecase.go:128.16,130.3 1 0
final_project/business/transactions/usecase.go:134.116,136.16 2 1
final_project/business/transactions/usecase.go:139.2,139.20 1 1
final_project/business/transactions/usecase.go:136.16,138.3 1 0
